{"/home/brunoaraujo/projetos/won-games/src/components/Main/index.tsx": {"path":"/home/brunoaraujo/projetos/won-games/src/components/Main/index.tsx","statementMap":{"0":{"start":{"line":1,"column":13},"end":{"line":5,"column":1}},"1":{"start":{"line":2,"column":2},"end":{"line":4,"column":9}}},"fnMap":{"0":{"name":"(anonymous_0)","decl":{"start":{"line":1,"column":13},"end":{"line":1,"column":14}},"loc":{"start":{"line":2,"column":2},"end":{"line":4,"column":9}},"line":2}},"branchMap":{},"s":{"0":1,"1":1},"f":{"0":1},"b":{},"_coverageSchema":"1a1c01bbd47fc00a2c39e90264f33305004495a9","hash":"f1a3dde19f51b771b2895c72bcd3e9ea056d22b8"}
,"/home/brunoaraujo/projetos/won-games/src/pages/index.tsx": {"path":"/home/brunoaraujo/projetos/won-games/src/pages/index.tsx","statementMap":{"0":{"start":{"line":2,"column":2},"end":{"line":6,"column":3}}},"fnMap":{"0":{"name":"Home","decl":{"start":{"line":1,"column":24},"end":{"line":1,"column":28}},"loc":{"start":{"line":1,"column":31},"end":{"line":7,"column":1}},"line":1}},"branchMap":{},"s":{"0":0},"f":{"0":0},"b":{}}
}
